process: dicehttp version: 0.1.0, compile date: Oct 29 2018 15:36:35
./marketinghttp.exe: init log fail: -40: No such file or directory
[2018-10-29 15:37:01.019679] dh_main.cpp:112(main): server start
[2018-10-29 15:37:01.021018] dh_main.cpp:112(main): server start
[2018-10-29 15:37:01.021627] dh_main.cpp:112(main): server start
[2018-10-29 15:37:01.022080] dh_main.cpp:112(main): server start
[2018-10-29 15:37:01.022100] dh_main.cpp:112(main): server start
[2018-10-29 15:37:01.032468] dh_main.cpp:112(main): server start
[2018-10-29 15:37:01.032889] dh_main.cpp:112(main): server start
[2018-10-29 15:37:01.033031] dh_main.cpp:112(main): server start
[2018-10-29 15:37:01.033092] dh_main.cpp:112(main): server start
[2018-10-29 15:37:01.033390] dh_main.cpp:112(main): server start
[2018-10-29 15:37:01.044493] dh_main.cpp:112(main): server start
[2018-10-29 15:59:42.329121] dh_main.cpp:112(main): server start
[2018-10-29 15:59:42.329545] dh_main.cpp:112(main): server start
[2018-10-29 15:59:42.331325] dh_main.cpp:112(main): server start
[2018-10-29 15:59:42.330374] dh_main.cpp:112(main): server start
[2018-10-29 15:59:42.331408] dh_main.cpp:112(main): server start
[2018-10-29 15:59:42.330873] dh_main.cpp:112(main): server start
[2018-10-29 15:59:42.331004] dh_main.cpp:112(main): server start
[2018-10-29 15:59:42.331634] dh_main.cpp:112(main): server start
[2018-10-29 15:59:42.331926] dh_main.cpp:112(main): server start
[2018-10-29 15:59:42.332204] dh_main.cpp:112(main): server start
[2018-10-29 15:59:42.332449] dh_main.cpp:112(main): server start
[2018-10-29 16:14:21.300458] dh_main.cpp:112(main): server start
[2018-10-29 16:14:21.300798] dh_main.cpp:112(main): server start[2018-10-29 16:14:21.301004] 
dh_main.cpp:112(main): server start
[2018-10-29 16:14:21.301431] dh_main.cpp:112(main): server start
[2018-10-29 16:14:21.301518] dh_main.cpp:112(main): server start
[2018-10-29 16:14:21.301891] dh_main.cpp:112(main): server start
[2018-10-29 16:14:21.302094] dh_main.cpp:112(main): server start
[2018-10-29 16:14:21.302121] dh_main.cpp:112(main): server start
[2018-10-29 16:14:21.302438] dh_main.cpp:112(main): server start
[2018-10-29 16:14:21.302444] dh_main.cpp:112(main): server start
[2018-10-29 16:14:21.302444] dh_main.cpp:112(main): server start
[2018-11-20 20:42:37.998582] dh_main.cpp:112(main): server start
[2018-11-20 20:42:37.999249] dh_main.cpp:112(main): server start
[2018-11-20 20:42:38.000105] dh_main.cpp:112(main): server start
[2018-11-20 20:42:38.000867] dh_main.cpp:112(main): server start
[2018-11-20 20:42:38.001141] dh_main.cpp:112(main): server start
[2018-11-20 20:42:38.001174] dh_main.cpp:112(main): server start
[2018-11-20 20:42:38.001399] dh_main.cpp:112(main): server start
[2018-11-20 20:42:38.001411] dh_main.cpp:112(main): server start
[2018-11-20 20:42:38.001420] dh_main.cpp:112(main): server start
[2018-11-20 20:42:38.001639] dh_main.cpp:112(main): server start
[2018-11-20 20:42:38.001956] dh_main.cpp:112(main): server start
[2018-11-20 20:52:04.676184] dh_main.cpp:112(main): server start
[2018-11-20 20:52:04.676618] dh_main.cpp:112(main): server start
[2018-11-20 20:52:04.676661] dh_main.cpp:112(main): server start
[2018-11-20 20:52:04.677135] dh_main.cpp:112(main): server start
[2018-11-20 20:52:04.677448] dh_main.cpp:112(main): server start
[2018-11-20 20:52:04.677538] dh_main.cpp:112(main): server start
[2018-11-20 20:52:04.677860] dh_main.cpp:112(main): server start
[2018-11-20 20:52:04.677911] dh_main.cpp:112(main): server start
[2018-11-20 20:52:04.677982] dh_main.cpp:112(main): server start
[2018-11-20 20:52:04.678097] dh_main.cpp:112(main): server start
[2018-11-20 20:52:04.678458] dh_main.cpp:112(main): server start
[2018-11-21 19:16:37.641761] dh_main.cpp:112(main): server start
[2018-11-21 19:16:37.641843] dh_main.cpp:112(main): server start
[2018-11-21 19:16:37.642134] dh_main.cpp:112(main): server start
[2018-11-21 19:16:37.642760] dh_main.cpp:112(main): server start
[2018-11-21 19:16:37.642973] dh_main.cpp:112(main): server start
[2018-11-21 19:16:37.642993] dh_main.cpp:112(main): server start
[2018-11-21 19:16:37.643331] dh_main.cpp:112(main): server start
[2018-11-21 19:16:37.643403] dh_main.cpp:112(main): server start
[2018-11-21 19:16:37.643427] dh_main.cpp:112(main): server start
[2018-11-21 19:16:37.643718] dh_main.cpp:112(main): server start
[2018-11-21 19:16:37.643761] dh_main.cpp:112(main): server start
process: mthttp version: 0.1.0, compile date: Nov 27 2018 14:41:16
process: mthttp exist
[2018-11-27 15:01:54.943697] [2018-11-27 15:01:54.943747] dh_main.cpp:112(main): server startdh_main.cpp:112(main): server start

[2018-11-27 15:01:54.943807] dh_main.cpp:112(main): server start[2018-11-27 15:01:54.943816] 
dh_main.cpp:112(main): server start
[2018-11-27 15:01:54.944218] dh_main.cpp:112(main): server start
[2018-11-27 15:01:54.944240] dh_main.cpp:112(main): server start
[2018-11-27 15:01:54.944330] dh_main.cpp:112(main): server start
[2018-11-27 15:01:54.944575] dh_main.cpp:112(main): server start
[2018-11-27 15:01:54.944770] dh_main.cpp:112(main): server start
[2018-11-27 15:01:54.944825] dh_main.cpp:112(main): server start
[2018-11-27 15:01:54.944923] dh_main.cpp:112(main): server start
[2018-11-29 10:55:55.304086] dh_main.cpp:112(main): server start
[2018-11-29 10:55:55.304906] dh_main.cpp:112(main): server start
[2018-11-29 10:55:55.304103] dh_main.cpp:112(main): server start
[2018-11-29 10:55:55.304160] dh_main.cpp:112(main): server start
[2018-11-29 10:55:55.304993] dh_main.cpp:112(main): server start
[2018-11-29 10:55:55.304483] dh_main.cpp:112(main): server start
[2018-11-29 10:55:55.304641] dh_main.cpp:112(main): server start
[2018-11-29 10:55:55.305321] dh_main.cpp:112(main): server start
[2018-11-29 10:55:55.305354] dh_main.cpp:112(main): server start
[2018-11-29 10:55:55.305495] dh_main.cpp:112(main): server start
[2018-11-29 10:55:55.305578] dh_main.cpp:112(main): server start
[2018-11-29 11:09:40.505622] dh_main.cpp:112(main): server start
[2018-11-29 11:09:40.505657] dh_main.cpp:112(main): server start
[2018-11-29 11:09:40.505706] dh_main.cpp:112(main): server start
[2018-11-29 11:09:40.506354] [2018-11-29 11:09:40.506355] dh_main.cpp:112(main): server startdh_main.cpp:112(main): server start

[2018-11-29 11:09:40.506731] dh_main.cpp:112(main): server start
[2018-11-29 11:09:40.506747] dh_main.cpp:112(main): server start
[2018-11-29 11:09:40.506937] dh_main.cpp:112(main): server start
[2018-11-29 11:09:40.507128] dh_main.cpp:112(main): server start
[2018-11-29 11:09:40.507228] dh_main.cpp:112(main): server start
[2018-11-29 11:09:40.507469] dh_main.cpp:112(main): server start
[2018-11-29 14:22:10.062756] dh_main.cpp:112(main): server start
[2018-11-29 14:22:10.062908] [2018-11-29 14:22:10.063236] dh_main.cpp:112(main): server startdh_main.cpp:112(main): server start

[2018-11-29 14:22:10.063589] dh_main.cpp:112(main): server start
[2018-11-29 14:22:10.063668] dh_main.cpp:112(main): server start
[2018-11-29 14:22:10.063749] dh_main.cpp:112(main): server start
[2018-11-29 14:22:10.063878] dh_main.cpp:112(main): server start
[2018-11-29 14:22:10.064152] dh_main.cpp:112(main): server start
[2018-11-29 14:22:10.064531] dh_main.cpp:112(main): server start
[2018-11-29 14:22:10.064819] dh_main.cpp:112(main): server start[2018-11-29 14:22:10.064825] 
dh_main.cpp:112(main): server start
[2018-11-29 14:48:49.027658] [2018-11-29 14:48:49.027661] dh_main.cpp:112(main): server start[2018-11-29 14:48:49.027674] dh_main.cpp:112(main): server start
dh_main.cpp:112(main): server start

[2018-11-29 14:48:49.028050] dh_main.cpp:112(main): server start
[2018-11-29 14:48:49.028265] dh_main.cpp:112(main): server start
[2018-11-29 14:48:49.028365] dh_main.cpp:112(main): server start
[2018-11-29 14:48:49.028552] dh_main.cpp:112(main): server start
[2018-11-29 14:48:49.028765] dh_main.cpp:112(main): server start
[2018-11-29 14:48:49.029254] dh_main.cpp:112(main): server start
[2018-11-29 14:48:49.029321] dh_main.cpp:112(main): server start
[2018-11-29 14:48:49.029435] dh_main.cpp:112(main): server start
process: mthttp version: 0.1.0, compile date: Nov 29 2018 14:47:48
process: mthttp exist
[2018-11-29 19:31:53.410059] dh_main.cpp:112(main): server start
[2018-11-29 19:31:53.410184] dh_main.cpp:112(main): server start
[2018-11-29 19:31:53.410696] dh_main.cpp:112(main): server start
[2018-11-29 19:31:53.410840] dh_main.cpp:112(main): server start
[2018-11-29 19:31:53.411368] dh_main.cpp:112(main): server start
[2018-11-29 19:31:53.411502] dh_main.cpp:112(main): server start
[2018-11-29 19:31:53.411839] dh_main.cpp:112(main): server start
[2018-11-29 19:31:53.412044] dh_main.cpp:112(main): server start
[2018-11-29 19:31:53.412216] dh_main.cpp:112(main): server start
[2018-11-29 19:31:53.412401] dh_main.cpp:112(main): server start
[2018-11-29 19:31:53.414242] dh_main.cpp:112(main): server start
[2018-11-30 14:43:59.621339] dh_main.cpp:112(main): server start
[2018-11-30 14:43:59.621694] dh_main.cpp:112(main): server start
[2018-11-30 14:43:59.622033] dh_main.cpp:112(main): server start
[2018-11-30 14:43:59.622449] dh_main.cpp:112(main): server start
[2018-11-30 14:43:59.622543] dh_main.cpp:112(main): server start
[2018-11-30 14:43:59.622578] dh_main.cpp:112(main): server start
[2018-11-30 14:43:59.622839] dh_main.cpp:112(main): server start
[2018-11-30 14:43:59.622966] dh_main.cpp:112(main): server start
[2018-11-30 14:43:59.623126] dh_main.cpp:112(main): server start
[2018-11-30 14:43:59.623262] dh_main.cpp:112(main): server start
[2018-11-30 14:43:59.623272] dh_main.cpp:112(main): server start
[2018-11-30 17:21:52.598375] dh_main.cpp:112(main): server start
[2018-11-30 17:21:52.599096] dh_main.cpp:112(main): server start
[2018-11-30 17:21:52.599184] dh_main.cpp:112(main): server start
[2018-11-30 17:21:52.599362] dh_main.cpp:112(main): server start
[2018-11-30 17:21:52.599754] dh_main.cpp:112(main): server start
[2018-11-30 17:21:52.599781] dh_main.cpp:112(main): server start
[2018-11-30 17:21:52.599845] dh_main.cpp:112(main): server start
[2018-11-30 17:21:52.600093] dh_main.cpp:112(main): server start
[2018-11-30 17:21:52.600340] dh_main.cpp:112(main): server start
[2018-11-30 17:21:52.600370] dh_main.cpp:112(main): server start
[2018-11-30 17:21:52.600414] dh_main.cpp:112(main): server start
process: mthttp version: 0.1.0, compile date: Nov 30 2018 17:12:49
process: mthttp version: 0.1.0, compile date: Nov 30 2018 17:12:49
process: mthttp version: 0.1.0, compile date: Nov 30 2018 17:12:49
process: mthttp version: 0.1.0, compile date: Nov 30 2018 17:12:49
process: mthttp version: 0.1.0, compile date: Nov 30 2018 17:12:49
process: mthttp version: 0.1.0, compile date: Nov 30 2018 17:12:49
process: mthttp version: 0.1.0, compile date: Nov 30 2018 17:12:49
process: mthttp version: 0.1.0, compile date: Nov 30 2018 17:12:49
process: mthttp version: 0.1.0, compile date: Nov 30 2018 17:12:49
process: mthttp version: 0.1.0, compile date: Nov 30 2018 17:12:49
process: mthttp version: 0.1.0, compile date: Nov 30 2018 17:12:49
process: mthttp version: 0.1.0, compile date: Nov 30 2018 17:12:49
process: mthttp version: 0.1.0, compile date: Nov 30 2018 17:12:49
process: mthttp version: 0.1.0, compile date: Nov 30 2018 17:12:49
process: mthttp version: 0.1.0, compile date: Nov 30 2018 17:12:49
process: mthttp version: 0.1.0, compile date: Nov 30 2018 17:12:49
process: mthttp version: 0.1.0, compile date: Nov 30 2018 17:12:49
process: mthttp version: 0.1.0, compile date: Nov 30 2018 17:12:49
process: mthttp version: 0.1.0, compile date: Nov 30 2018 17:12:49
process: mthttp version: 0.1.0, compile date: Nov 30 2018 17:12:49
process: mthttp version: 0.1.0, compile date: Nov 30 2018 17:12:49
process: mthttp version: 0.1.0, compile date: Nov 30 2018 17:12:49
[2018-12-03 15:25:49.172841] [2018-12-03 15:25:49.174913] [2018-12-03 15:25:49.174916] dh_main.cpp:112(main): server startdh_main.cpp:112(main): server start
dh_main.cpp:112(main): server start

[2018-12-03 15:25:49.175047] dh_main.cpp:112(main): server start
[2018-12-03 15:25:49.173468] [2018-12-03 15:25:49.173782] dh_main.cpp:112(main): server start
dh_main.cpp:112(main): server start
[2018-12-03 15:25:49.174237] dh_main.cpp:112(main): server start
[2018-12-03 15:25:49.174276] dh_main.cpp:112(main): server start
[2018-12-03 15:25:49.174303] [2018-12-03 15:25:49.174677] dh_main.cpp:112(main): server start
[2018-12-03 15:25:49.174712] dh_main.cpp:112(main): server start
dh_main.cpp:112(main): server start
